2009.02.25 21:22 B G:\CCIT\GooglGadget\css\ui.accordion.css --> amit.cccom.com /amit/Gadget1/css ui.accordion.css
2009.02.25 21:22 B G:\CCIT\GooglGadget\css\ui.all.css --> amit.cccom.com /amit/Gadget1/css ui.all.css
2009.02.25 21:22 B G:\CCIT\GooglGadget\css\ui.base.css --> amit.cccom.com /amit/Gadget1/css ui.base.css
2009.02.25 21:22 B G:\CCIT\GooglGadget\css\ui.core.css --> amit.cccom.com /amit/Gadget1/css ui.core.css
2009.02.25 21:22 B G:\CCIT\GooglGadget\css\ui.datepicker.css --> amit.cccom.com /amit/Gadget1/css ui.datepicker.css
2009.02.25 21:22 B G:\CCIT\GooglGadget\css\ui.dialog.css --> amit.cccom.com /amit/Gadget1/css ui.dialog.css
2009.02.25 21:22 B G:\CCIT\GooglGadget\css\ui.progressbar.css --> amit.cccom.com /amit/Gadget1/css ui.progressbar.css
2009.02.25 21:22 B G:\CCIT\GooglGadget\css\ui.resizable.css --> amit.cccom.com /amit/Gadget1/css ui.resizable.css
2009.02.25 21:22 B G:\CCIT\GooglGadget\css\ui.slider.css --> amit.cccom.com /amit/Gadget1/css ui.slider.css
2009.02.25 21:22 B G:\CCIT\GooglGadget\css\ui.tabs.css --> amit.cccom.com /amit/Gadget1/css ui.tabs.css
2009.02.25 21:22 B G:\CCIT\GooglGadget\css\ui.theme.css --> amit.cccom.com /amit/Gadget1/css ui.theme.css
2009.02.28 18:06 B G:\CCIT\GooglGadget\css\ui.accordion.css --> amit.cccom.com /amit/Gadget2/css ui.accordion.css
2009.02.28 18:06 B G:\CCIT\GooglGadget\css\ui.all.css --> amit.cccom.com /amit/Gadget2/css ui.all.css
2009.02.28 18:06 B G:\CCIT\GooglGadget\css\ui.base.css --> amit.cccom.com /amit/Gadget2/css ui.base.css
2009.02.28 18:06 B G:\CCIT\GooglGadget\css\ui.core.css --> amit.cccom.com /amit/Gadget2/css ui.core.css
2009.02.28 18:06 B G:\CCIT\GooglGadget\css\ui.datepicker.css --> amit.cccom.com /amit/Gadget2/css ui.datepicker.css
2009.02.28 18:06 B G:\CCIT\GooglGadget\css\ui.dialog.css --> amit.cccom.com /amit/Gadget2/css ui.dialog.css
2009.02.28 18:06 B G:\CCIT\GooglGadget\css\ui.progressbar.css --> amit.cccom.com /amit/Gadget2/css ui.progressbar.css
2009.02.28 18:06 B G:\CCIT\GooglGadget\css\ui.resizable.css --> amit.cccom.com /amit/Gadget2/css ui.resizable.css
2009.02.28 18:06 B G:\CCIT\GooglGadget\css\ui.slider.css --> amit.cccom.com /amit/Gadget2/css ui.slider.css
2009.02.28 18:06 B G:\CCIT\GooglGadget\css\ui.tabs.css --> amit.cccom.com /amit/Gadget2/css ui.tabs.css
2009.02.28 18:06 B G:\CCIT\GooglGadget\css\ui.theme.css --> amit.cccom.com /amit/Gadget2/css ui.theme.css
2009.04.25 02:28 B D:\Google\Gadget2\css\WS_FTP.LOG <-- CCIT /amit/Gadget2/css WS_FTP.LOG
