2009.02.25 21:22 B G:\CCIT\GooglGadget\images\Thumbs.db --> amit.cccom.com /amit/Gadget1/images Thumbs.db
2009.02.25 21:22 B G:\CCIT\GooglGadget\images\ui-bg_flat_0_aaaaaa_40x100.png --> amit.cccom.com /amit/Gadget1/images ui-bg_flat_0_aaaaaa_40x100.png
2009.02.25 21:22 B G:\CCIT\GooglGadget\images\ui-bg_flat_55_fbec88_40x100.png --> amit.cccom.com /amit/Gadget1/images ui-bg_flat_55_fbec88_40x100.png
2009.02.25 21:22 B G:\CCIT\GooglGadget\images\ui-bg_glass_75_d0e5f5_1x400.png --> amit.cccom.com /amit/Gadget1/images ui-bg_glass_75_d0e5f5_1x400.png
2009.02.25 21:22 B G:\CCIT\GooglGadget\images\ui-bg_glass_85_dfeffc_1x400.png --> amit.cccom.com /amit/Gadget1/images ui-bg_glass_85_dfeffc_1x400.png
2009.02.25 21:22 B G:\CCIT\GooglGadget\images\ui-bg_glass_95_fef1ec_1x400.png --> amit.cccom.com /amit/Gadget1/images ui-bg_glass_95_fef1ec_1x400.png
2009.02.25 21:22 B G:\CCIT\GooglGadget\images\ui-bg_gloss-wave_55_5c9ccc_500x100.png --> amit.cccom.com /amit/Gadget1/images ui-bg_gloss-wave_55_5c9ccc_500x100.png
2009.02.25 21:22 B G:\CCIT\GooglGadget\images\ui-bg_inset-hard_100_f5f8f9_1x100.png --> amit.cccom.com /amit/Gadget1/images ui-bg_inset-hard_100_f5f8f9_1x100.png
2009.02.25 21:23 B G:\CCIT\GooglGadget\images\ui-bg_inset-hard_100_fcfdfd_1x100.png --> amit.cccom.com /amit/Gadget1/images ui-bg_inset-hard_100_fcfdfd_1x100.png
2009.02.25 21:23 B G:\CCIT\GooglGadget\images\ui-icons_217bc0_256x240.png --> amit.cccom.com /amit/Gadget1/images ui-icons_217bc0_256x240.png
2009.02.25 21:23 B G:\CCIT\GooglGadget\images\ui-icons_2e83ff_256x240.png --> amit.cccom.com /amit/Gadget1/images ui-icons_2e83ff_256x240.png
2009.02.25 21:23 B G:\CCIT\GooglGadget\images\ui-icons_469bdd_256x240.png --> amit.cccom.com /amit/Gadget1/images ui-icons_469bdd_256x240.png
2009.02.25 21:23 B G:\CCIT\GooglGadget\images\ui-icons_6da8d5_256x240.png --> amit.cccom.com /amit/Gadget1/images ui-icons_6da8d5_256x240.png
2009.02.25 21:23 B G:\CCIT\GooglGadget\images\ui-icons_cd0a0a_256x240.png --> amit.cccom.com /amit/Gadget1/images ui-icons_cd0a0a_256x240.png
2009.02.25 21:23 B G:\CCIT\GooglGadget\images\ui-icons_d8e7f3_256x240.png --> amit.cccom.com /amit/Gadget1/images ui-icons_d8e7f3_256x240.png
2009.02.25 21:23 B G:\CCIT\GooglGadget\images\ui-icons_f9bd01_256x240.png --> amit.cccom.com /amit/Gadget1/images ui-icons_f9bd01_256x240.png
2009.02.28 18:06 B G:\CCIT\GooglGadget\images\Thumbs.db --> amit.cccom.com /amit/Gadget2/images Thumbs.db
2009.02.28 18:06 B G:\CCIT\GooglGadget\images\ui-bg_flat_0_aaaaaa_40x100.png --> amit.cccom.com /amit/Gadget2/images ui-bg_flat_0_aaaaaa_40x100.png
2009.02.28 18:06 B G:\CCIT\GooglGadget\images\ui-bg_flat_55_fbec88_40x100.png --> amit.cccom.com /amit/Gadget2/images ui-bg_flat_55_fbec88_40x100.png
2009.02.28 18:06 B G:\CCIT\GooglGadget\images\ui-bg_glass_75_d0e5f5_1x400.png --> amit.cccom.com /amit/Gadget2/images ui-bg_glass_75_d0e5f5_1x400.png
2009.02.28 18:07 B G:\CCIT\GooglGadget\images\ui-bg_glass_85_dfeffc_1x400.png --> amit.cccom.com /amit/Gadget2/images ui-bg_glass_85_dfeffc_1x400.png
2009.02.28 18:07 B G:\CCIT\GooglGadget\images\ui-bg_glass_95_fef1ec_1x400.png --> amit.cccom.com /amit/Gadget2/images ui-bg_glass_95_fef1ec_1x400.png
2009.02.28 18:07 B G:\CCIT\GooglGadget\images\ui-bg_gloss-wave_55_5c9ccc_500x100.png --> amit.cccom.com /amit/Gadget2/images ui-bg_gloss-wave_55_5c9ccc_500x100.png
2009.02.28 18:07 B G:\CCIT\GooglGadget\images\ui-bg_inset-hard_100_f5f8f9_1x100.png --> amit.cccom.com /amit/Gadget2/images ui-bg_inset-hard_100_f5f8f9_1x100.png
2009.02.28 18:07 B G:\CCIT\GooglGadget\images\ui-bg_inset-hard_100_fcfdfd_1x100.png --> amit.cccom.com /amit/Gadget2/images ui-bg_inset-hard_100_fcfdfd_1x100.png
2009.02.28 18:07 B G:\CCIT\GooglGadget\images\ui-icons_217bc0_256x240.png --> amit.cccom.com /amit/Gadget2/images ui-icons_217bc0_256x240.png
2009.02.28 18:07 B G:\CCIT\GooglGadget\images\ui-icons_2e83ff_256x240.png --> amit.cccom.com /amit/Gadget2/images ui-icons_2e83ff_256x240.png
2009.02.28 18:07 B G:\CCIT\GooglGadget\images\ui-icons_469bdd_256x240.png --> amit.cccom.com /amit/Gadget2/images ui-icons_469bdd_256x240.png
2009.02.28 18:07 B G:\CCIT\GooglGadget\images\ui-icons_6da8d5_256x240.png --> amit.cccom.com /amit/Gadget2/images ui-icons_6da8d5_256x240.png
2009.02.28 18:07 B G:\CCIT\GooglGadget\images\ui-icons_cd0a0a_256x240.png --> amit.cccom.com /amit/Gadget2/images ui-icons_cd0a0a_256x240.png
2009.02.28 18:07 B G:\CCIT\GooglGadget\images\ui-icons_d8e7f3_256x240.png --> amit.cccom.com /amit/Gadget2/images ui-icons_d8e7f3_256x240.png
2009.02.28 18:07 B G:\CCIT\GooglGadget\images\ui-icons_f9bd01_256x240.png --> amit.cccom.com /amit/Gadget2/images ui-icons_f9bd01_256x240.png
2009.02.28 18:07 B G:\CCIT\GooglGadget\images\WS_FTP.LOG --> amit.cccom.com /amit/Gadget2/images WS_FTP.LOG
2009.03.01 01:44 B G:\CCIT\GooglGadget\images\calendar.gif --> amit.cccom.com /amit/Gadget2/images calendar.gif
2009.03.06 19:42 B G:\CCIT\GooglGadget\images\violet.swf --> amit.cccom.com /amit/Gadget2/images violet.swf
2009.03.06 19:42 B G:\CCIT\GooglGadget\images\flyingletters.swf --> amit.cccom.com /amit/Gadget2/images flyingletters.swf
2009.03.25 03:35 B F:\CCIT\GooglGadget\images\BOO-1001-Logo4c.gif --> amit.cccom.com /amit/Gadget2/images BOO-1001-Logo4c.gif
2009.03.25 03:37 B F:\CCIT\GooglGadget\images\BOO-1001-Logo4c.gif --> amit.cccom.com /amit/Gadget2/Gadget2 BOO-1001-Logo4c.gif
2009.03.25 18:31 B F:\CCIT\GooglGadget\images\BOO-1001-Logo4c.gif --> amit.cccom.com /amit/Gadget2/images BOO-1001-Logo4c.gif
2009.03.30 17:35 B F:\CCIT\GooglGadget\images\BOO-1001 Logo4c.jpg --> amit.cccom.com /amit/Gadget2/images BOO-1001 Logo4c.jpg
2009.03.30 17:43 B F:\CCIT\GooglGadget\images\BOO-1001Logo4c.jpg --> amit.cccom.com /amit/Gadget2/images BOO-1001Logo4c.jpg
2009.03.30 18:03 B F:\CCIT\GooglGadget\images\BOO-1001-Logo4c.jpg --> amit.cccom.com /amit/Gadget2/images BOO-1001-Logo4c.jpg
2009.04.25 02:36 B D:\Google\GadgetAssets\images\WS_FTP.LOG <-- CCIT /amit/GadgetAssets/images WS_FTP.LOG
