2009.02.25 21:22 B G:\CCIT\GooglGadget\css\ui.accordion.css --> amit.cccom.com /amit/Gadget1/css ui.accordion.css
2009.02.25 21:22 B G:\CCIT\GooglGadget\css\ui.all.css --> amit.cccom.com /amit/Gadget1/css ui.all.css
2009.02.25 21:22 B G:\CCIT\GooglGadget\css\ui.base.css --> amit.cccom.com /amit/Gadget1/css ui.base.css
2009.02.25 21:22 B G:\CCIT\GooglGadget\css\ui.core.css --> amit.cccom.com /amit/Gadget1/css ui.core.css
2009.02.25 21:22 B G:\CCIT\GooglGadget\css\ui.datepicker.css --> amit.cccom.com /amit/Gadget1/css ui.datepicker.css
2009.02.25 21:22 B G:\CCIT\GooglGadget\css\ui.dialog.css --> amit.cccom.com /amit/Gadget1/css ui.dialog.css
2009.02.25 21:22 B G:\CCIT\GooglGadget\css\ui.progressbar.css --> amit.cccom.com /amit/Gadget1/css ui.progressbar.css
2009.02.25 21:22 B G:\CCIT\GooglGadget\css\ui.resizable.css --> amit.cccom.com /amit/Gadget1/css ui.resizable.css
2009.02.25 21:22 B G:\CCIT\GooglGadget\css\ui.slider.css --> amit.cccom.com /amit/Gadget1/css ui.slider.css
2009.02.25 21:22 B G:\CCIT\GooglGadget\css\ui.tabs.css --> amit.cccom.com /amit/Gadget1/css ui.tabs.css
2009.02.25 21:22 B G:\CCIT\GooglGadget\css\ui.theme.css --> amit.cccom.com /amit/Gadget1/css ui.theme.css
2009.02.28 18:06 B G:\CCIT\GooglGadget\css\ui.accordion.css --> amit.cccom.com /amit/Gadget2/css ui.accordion.css
2009.02.28 18:06 B G:\CCIT\GooglGadget\css\ui.all.css --> amit.cccom.com /amit/Gadget2/css ui.all.css
2009.02.28 18:06 B G:\CCIT\GooglGadget\css\ui.base.css --> amit.cccom.com /amit/Gadget2/css ui.base.css
2009.02.28 18:06 B G:\CCIT\GooglGadget\css\ui.core.css --> amit.cccom.com /amit/Gadget2/css ui.core.css
2009.02.28 18:06 B G:\CCIT\GooglGadget\css\ui.datepicker.css --> amit.cccom.com /amit/Gadget2/css ui.datepicker.css
2009.02.28 18:06 B G:\CCIT\GooglGadget\css\ui.dialog.css --> amit.cccom.com /amit/Gadget2/css ui.dialog.css
2009.02.28 18:06 B G:\CCIT\GooglGadget\css\ui.progressbar.css --> amit.cccom.com /amit/Gadget2/css ui.progressbar.css
2009.02.28 18:06 B G:\CCIT\GooglGadget\css\ui.resizable.css --> amit.cccom.com /amit/Gadget2/css ui.resizable.css
2009.02.28 18:06 B G:\CCIT\GooglGadget\css\ui.slider.css --> amit.cccom.com /amit/Gadget2/css ui.slider.css
2009.02.28 18:06 B G:\CCIT\GooglGadget\css\ui.tabs.css --> amit.cccom.com /amit/Gadget2/css ui.tabs.css
2009.02.28 18:06 B G:\CCIT\GooglGadget\css\ui.theme.css --> amit.cccom.com /amit/Gadget2/css ui.theme.css
2009.02.28 18:06 B G:\CCIT\GooglGadget\css\WS_FTP.LOG --> amit.cccom.com /amit/Gadget2/css WS_FTP.LOG
2009.03.01 00:32 B G:\CCIT\GooglGadget\css\ui.theme.css --> amit.cccom.com /amit/Gadget2/css ui.theme.css
2009.03.01 01:20 B G:\CCIT\GooglGadget\css\ui.datepicker.css --> amit.cccom.com /amit/Gadget2/css ui.datepicker.css
2009.03.01 10:17 B G:\CCIT\GooglGadget\css\ui.datepicker.css --> amit.cccom.com /amit/Gadget2/css ui.datepicker.css
2009.03.06 19:40 B G:\CCIT\GooglGadget\css\ui.core.css --> amit.cccom.com /amit/Gadget2/css ui.core.css
2009.03.06 19:45 B G:\CCIT\GooglGadget\css\ui.core.css --> amit.cccom.com /amit/Gadget2/css ui.core.css
2009.03.06 19:45 B G:\CCIT\GooglGadget\css\ui.datepicker.css --> amit.cccom.com /amit/Gadget2/css ui.datepicker.css
2009.03.06 19:45 B G:\CCIT\GooglGadget\css\ui.theme.css --> amit.cccom.com /amit/Gadget2/css ui.theme.css
2009.03.06 19:45 B G:\CCIT\GooglGadget\css\ui.tabs.css --> amit.cccom.com /amit/Gadget2/css ui.tabs.css
2009.03.06 19:45 B G:\CCIT\GooglGadget\css\ui.slider.css --> amit.cccom.com /amit/Gadget2/css ui.slider.css
2009.03.06 19:45 B G:\CCIT\GooglGadget\css\ui.resizable.css --> amit.cccom.com /amit/Gadget2/css ui.resizable.css
2009.03.06 19:45 B G:\CCIT\GooglGadget\css\ui.progressbar.css --> amit.cccom.com /amit/Gadget2/css ui.progressbar.css
2009.03.06 19:45 B G:\CCIT\GooglGadget\css\ui.dialog.css --> amit.cccom.com /amit/Gadget2/css ui.dialog.css
2009.03.06 19:45 B G:\CCIT\GooglGadget\css\ui.base.css --> amit.cccom.com /amit/Gadget2/css ui.base.css
2009.03.06 19:45 B G:\CCIT\GooglGadget\css\ui.all.css --> amit.cccom.com /amit/Gadget2/css ui.all.css
2009.03.06 19:45 B G:\CCIT\GooglGadget\css\ui.accordion.css --> amit.cccom.com /amit/Gadget2/css ui.accordion.css
2009.03.06 21:08 B G:\CCIT\GooglGadget\css\ui.tabs.css --> amit.cccom.com /amit/Gadget2/css ui.tabs.css
2009.03.09 15:08 B F:\CCIT\GooglGadget\css\ui.tabs.css --> amit.cccom.com /amit/Gadget2/css ui.tabs.css
2009.03.09 17:41 B F:\CCIT\GooglGadget\css\StyleSheet.css --> amit.cccom.com /amit/Gadget2/css/Gadget StyleSheet.css
2009.04.25 00:28 B F:\CCIT\GooglGadget\css\ui.accordion.css --> amit.cccom.com /amit/GadgetAssets/css ui.accordion.css
2009.04.25 00:28 B F:\CCIT\GooglGadget\css\ui.all.css --> amit.cccom.com /amit/GadgetAssets/css ui.all.css
2009.04.25 00:28 B F:\CCIT\GooglGadget\css\ui.base.css --> amit.cccom.com /amit/GadgetAssets/css ui.base.css
2009.04.25 00:28 B F:\CCIT\GooglGadget\css\ui.core.css --> amit.cccom.com /amit/GadgetAssets/css ui.core.css
2009.04.25 00:28 B F:\CCIT\GooglGadget\css\ui.datepicker.css --> amit.cccom.com /amit/GadgetAssets/css ui.datepicker.css
2009.04.25 00:28 B F:\CCIT\GooglGadget\css\ui.dialog.css --> amit.cccom.com /amit/GadgetAssets/css ui.dialog.css
2009.04.25 00:28 B F:\CCIT\GooglGadget\css\ui.progressbar.css --> amit.cccom.com /amit/GadgetAssets/css ui.progressbar.css
2009.04.25 00:28 B F:\CCIT\GooglGadget\css\ui.resizable.css --> amit.cccom.com /amit/GadgetAssets/css ui.resizable.css
2009.04.25 00:28 B F:\CCIT\GooglGadget\css\ui.slider.css --> amit.cccom.com /amit/GadgetAssets/css ui.slider.css
2009.04.25 00:28 B F:\CCIT\GooglGadget\css\ui.tabs.css --> amit.cccom.com /amit/GadgetAssets/css ui.tabs.css
2009.04.25 00:28 B F:\CCIT\GooglGadget\css\ui.theme.css --> amit.cccom.com /amit/GadgetAssets/css ui.theme.css
2009.04.25 02:35 B D:\Google\GadgetAssets\css\WS_FTP.LOG <-- CCIT /amit/GadgetAssets/css WS_FTP.LOG
