2009.02.25 21:23 B G:\CCIT\GooglGadget\js\datepicker\jquery.ui.i18n.all.js --> amit.cccom.com /amit/Gadget1/js/datepicker jquery.ui.i18n.all.js
2009.02.25 21:23 B G:\CCIT\GooglGadget\js\datepicker\ui.datepicker-ar.js --> amit.cccom.com /amit/Gadget1/js/datepicker ui.datepicker-ar.js
2009.02.25 21:23 B G:\CCIT\GooglGadget\js\datepicker\ui.datepicker-bg.js --> amit.cccom.com /amit/Gadget1/js/datepicker ui.datepicker-bg.js
2009.02.25 21:23 B G:\CCIT\GooglGadget\js\datepicker\ui.datepicker-ca.js --> amit.cccom.com /amit/Gadget1/js/datepicker ui.datepicker-ca.js
2009.02.25 21:23 B G:\CCIT\GooglGadget\js\datepicker\ui.datepicker-cs.js --> amit.cccom.com /amit/Gadget1/js/datepicker ui.datepicker-cs.js
2009.02.25 21:23 B G:\CCIT\GooglGadget\js\datepicker\ui.datepicker-da.js --> amit.cccom.com /amit/Gadget1/js/datepicker ui.datepicker-da.js
2009.02.25 21:23 B G:\CCIT\GooglGadget\js\datepicker\ui.datepicker-de.js --> amit.cccom.com /amit/Gadget1/js/datepicker ui.datepicker-de.js
2009.02.25 21:23 B G:\CCIT\GooglGadget\js\datepicker\ui.datepicker-el.js --> amit.cccom.com /amit/Gadget1/js/datepicker ui.datepicker-el.js
2009.02.25 21:23 B G:\CCIT\GooglGadget\js\datepicker\ui.datepicker-eo.js --> amit.cccom.com /amit/Gadget1/js/datepicker ui.datepicker-eo.js
2009.02.25 21:23 B G:\CCIT\GooglGadget\js\datepicker\ui.datepicker-es.js --> amit.cccom.com /amit/Gadget1/js/datepicker ui.datepicker-es.js
2009.02.25 21:23 B G:\CCIT\GooglGadget\js\datepicker\ui.datepicker-fa.js --> amit.cccom.com /amit/Gadget1/js/datepicker ui.datepicker-fa.js
2009.02.25 21:23 B G:\CCIT\GooglGadget\js\datepicker\ui.datepicker-fi.js --> amit.cccom.com /amit/Gadget1/js/datepicker ui.datepicker-fi.js
2009.02.25 21:23 B G:\CCIT\GooglGadget\js\datepicker\ui.datepicker-fr.js --> amit.cccom.com /amit/Gadget1/js/datepicker ui.datepicker-fr.js
2009.02.25 21:23 B G:\CCIT\GooglGadget\js\datepicker\ui.datepicker-he.js --> amit.cccom.com /amit/Gadget1/js/datepicker ui.datepicker-he.js
2009.02.25 21:23 B G:\CCIT\GooglGadget\js\datepicker\ui.datepicker-hr.js --> amit.cccom.com /amit/Gadget1/js/datepicker ui.datepicker-hr.js
2009.02.25 21:23 B G:\CCIT\GooglGadget\js\datepicker\ui.datepicker-hu.js --> amit.cccom.com /amit/Gadget1/js/datepicker ui.datepicker-hu.js
2009.02.25 21:23 B G:\CCIT\GooglGadget\js\datepicker\ui.datepicker-hy.js --> amit.cccom.com /amit/Gadget1/js/datepicker ui.datepicker-hy.js
2009.02.25 21:23 B G:\CCIT\GooglGadget\js\datepicker\ui.datepicker-id.js --> amit.cccom.com /amit/Gadget1/js/datepicker ui.datepicker-id.js
2009.02.25 21:23 B G:\CCIT\GooglGadget\js\datepicker\ui.datepicker-is.js --> amit.cccom.com /amit/Gadget1/js/datepicker ui.datepicker-is.js
2009.02.25 21:23 B G:\CCIT\GooglGadget\js\datepicker\ui.datepicker-it.js --> amit.cccom.com /amit/Gadget1/js/datepicker ui.datepicker-it.js
2009.02.25 21:24 B G:\CCIT\GooglGadget\js\datepicker\ui.datepicker-ja.js --> amit.cccom.com /amit/Gadget1/js/datepicker ui.datepicker-ja.js
2009.02.25 21:24 B G:\CCIT\GooglGadget\js\datepicker\ui.datepicker-ko.js --> amit.cccom.com /amit/Gadget1/js/datepicker ui.datepicker-ko.js
2009.02.25 21:24 B G:\CCIT\GooglGadget\js\datepicker\ui.datepicker-lt.js --> amit.cccom.com /amit/Gadget1/js/datepicker ui.datepicker-lt.js
2009.02.25 21:24 B G:\CCIT\GooglGadget\js\datepicker\ui.datepicker-lv.js --> amit.cccom.com /amit/Gadget1/js/datepicker ui.datepicker-lv.js
2009.02.25 21:24 B G:\CCIT\GooglGadget\js\datepicker\ui.datepicker-ms.js --> amit.cccom.com /amit/Gadget1/js/datepicker ui.datepicker-ms.js
2009.02.25 21:24 B G:\CCIT\GooglGadget\js\datepicker\ui.datepicker-nl.js --> amit.cccom.com /amit/Gadget1/js/datepicker ui.datepicker-nl.js
2009.02.25 21:24 B G:\CCIT\GooglGadget\js\datepicker\ui.datepicker-no.js --> amit.cccom.com /amit/Gadget1/js/datepicker ui.datepicker-no.js
2009.02.25 21:24 B G:\CCIT\GooglGadget\js\datepicker\ui.datepicker-pl.js --> amit.cccom.com /amit/Gadget1/js/datepicker ui.datepicker-pl.js
2009.02.25 21:24 B G:\CCIT\GooglGadget\js\datepicker\ui.datepicker-pt-BR.js --> amit.cccom.com /amit/Gadget1/js/datepicker ui.datepicker-pt-BR.js
2009.02.25 21:24 B G:\CCIT\GooglGadget\js\datepicker\ui.datepicker-ro.js --> amit.cccom.com /amit/Gadget1/js/datepicker ui.datepicker-ro.js
2009.02.25 21:24 B G:\CCIT\GooglGadget\js\datepicker\ui.datepicker-ru.js --> amit.cccom.com /amit/Gadget1/js/datepicker ui.datepicker-ru.js
2009.02.25 21:24 B G:\CCIT\GooglGadget\js\datepicker\ui.datepicker-sk.js --> amit.cccom.com /amit/Gadget1/js/datepicker ui.datepicker-sk.js
2009.02.25 21:24 B G:\CCIT\GooglGadget\js\datepicker\ui.datepicker-sl.js --> amit.cccom.com /amit/Gadget1/js/datepicker ui.datepicker-sl.js
2009.02.25 21:24 B G:\CCIT\GooglGadget\js\datepicker\ui.datepicker-sq.js --> amit.cccom.com /amit/Gadget1/js/datepicker ui.datepicker-sq.js
2009.02.25 21:24 B G:\CCIT\GooglGadget\js\datepicker\ui.datepicker-sv.js --> amit.cccom.com /amit/Gadget1/js/datepicker ui.datepicker-sv.js
2009.02.25 21:24 B G:\CCIT\GooglGadget\js\datepicker\ui.datepicker-th.js --> amit.cccom.com /amit/Gadget1/js/datepicker ui.datepicker-th.js
2009.02.25 21:24 B G:\CCIT\GooglGadget\js\datepicker\ui.datepicker-tr.js --> amit.cccom.com /amit/Gadget1/js/datepicker ui.datepicker-tr.js
2009.02.25 21:24 B G:\CCIT\GooglGadget\js\datepicker\ui.datepicker-uk.js --> amit.cccom.com /amit/Gadget1/js/datepicker ui.datepicker-uk.js
2009.02.25 21:24 B G:\CCIT\GooglGadget\js\datepicker\ui.datepicker-zh-CN.js --> amit.cccom.com /amit/Gadget1/js/datepicker ui.datepicker-zh-CN.js
2009.02.25 21:24 B G:\CCIT\GooglGadget\js\datepicker\ui.datepicker-zh-TW.js --> amit.cccom.com /amit/Gadget1/js/datepicker ui.datepicker-zh-TW.js
2009.02.28 18:01 B G:\CCIT\GooglGadget\js\datepicker\jquery.ui.i18n.all.js --> amit.cccom.com /amit/Gadget2/js/datepicker jquery.ui.i18n.all.js
2009.02.28 18:01 B G:\CCIT\GooglGadget\js\datepicker\ui.datepicker-ar.js --> amit.cccom.com /amit/Gadget2/js/datepicker ui.datepicker-ar.js
2009.02.28 18:01 B G:\CCIT\GooglGadget\js\datepicker\ui.datepicker-bg.js --> amit.cccom.com /amit/Gadget2/js/datepicker ui.datepicker-bg.js
2009.02.28 18:01 B G:\CCIT\GooglGadget\js\datepicker\ui.datepicker-ca.js --> amit.cccom.com /amit/Gadget2/js/datepicker ui.datepicker-ca.js
2009.02.28 18:01 B G:\CCIT\GooglGadget\js\datepicker\ui.datepicker-cs.js --> amit.cccom.com /amit/Gadget2/js/datepicker ui.datepicker-cs.js
2009.02.28 18:01 B G:\CCIT\GooglGadget\js\datepicker\ui.datepicker-da.js --> amit.cccom.com /amit/Gadget2/js/datepicker ui.datepicker-da.js
2009.02.28 18:02 B G:\CCIT\GooglGadget\js\datepicker\ui.datepicker-de.js --> amit.cccom.com /amit/Gadget2/js/datepicker ui.datepicker-de.js
2009.02.28 18:02 B G:\CCIT\GooglGadget\js\datepicker\ui.datepicker-el.js --> amit.cccom.com /amit/Gadget2/js/datepicker ui.datepicker-el.js
2009.02.28 18:02 B G:\CCIT\GooglGadget\js\datepicker\ui.datepicker-eo.js --> amit.cccom.com /amit/Gadget2/js/datepicker ui.datepicker-eo.js
2009.02.28 18:02 B G:\CCIT\GooglGadget\js\datepicker\ui.datepicker-es.js --> amit.cccom.com /amit/Gadget2/js/datepicker ui.datepicker-es.js
2009.02.28 18:02 B G:\CCIT\GooglGadget\js\datepicker\ui.datepicker-fa.js --> amit.cccom.com /amit/Gadget2/js/datepicker ui.datepicker-fa.js
2009.02.28 18:02 B G:\CCIT\GooglGadget\js\datepicker\ui.datepicker-fi.js --> amit.cccom.com /amit/Gadget2/js/datepicker ui.datepicker-fi.js
2009.02.28 18:02 B G:\CCIT\GooglGadget\js\datepicker\ui.datepicker-fr.js --> amit.cccom.com /amit/Gadget2/js/datepicker ui.datepicker-fr.js
2009.02.28 18:02 B G:\CCIT\GooglGadget\js\datepicker\ui.datepicker-he.js --> amit.cccom.com /amit/Gadget2/js/datepicker ui.datepicker-he.js
2009.02.28 18:02 B G:\CCIT\GooglGadget\js\datepicker\ui.datepicker-hr.js --> amit.cccom.com /amit/Gadget2/js/datepicker ui.datepicker-hr.js
2009.02.28 18:02 B G:\CCIT\GooglGadget\js\datepicker\ui.datepicker-hu.js --> amit.cccom.com /amit/Gadget2/js/datepicker ui.datepicker-hu.js
2009.02.28 18:02 B G:\CCIT\GooglGadget\js\datepicker\ui.datepicker-hy.js --> amit.cccom.com /amit/Gadget2/js/datepicker ui.datepicker-hy.js
2009.02.28 18:02 B G:\CCIT\GooglGadget\js\datepicker\ui.datepicker-id.js --> amit.cccom.com /amit/Gadget2/js/datepicker ui.datepicker-id.js
2009.02.28 18:02 B G:\CCIT\GooglGadget\js\datepicker\ui.datepicker-is.js --> amit.cccom.com /amit/Gadget2/js/datepicker ui.datepicker-is.js
2009.02.28 18:02 B G:\CCIT\GooglGadget\js\datepicker\ui.datepicker-it.js --> amit.cccom.com /amit/Gadget2/js/datepicker ui.datepicker-it.js
2009.02.28 18:02 B G:\CCIT\GooglGadget\js\datepicker\ui.datepicker-ja.js --> amit.cccom.com /amit/Gadget2/js/datepicker ui.datepicker-ja.js
2009.02.28 18:02 B G:\CCIT\GooglGadget\js\datepicker\ui.datepicker-ko.js --> amit.cccom.com /amit/Gadget2/js/datepicker ui.datepicker-ko.js
2009.02.28 18:02 B G:\CCIT\GooglGadget\js\datepicker\ui.datepicker-lt.js --> amit.cccom.com /amit/Gadget2/js/datepicker ui.datepicker-lt.js
2009.02.28 18:02 B G:\CCIT\GooglGadget\js\datepicker\ui.datepicker-lv.js --> amit.cccom.com /amit/Gadget2/js/datepicker ui.datepicker-lv.js
2009.02.28 18:02 B G:\CCIT\GooglGadget\js\datepicker\ui.datepicker-ms.js --> amit.cccom.com /amit/Gadget2/js/datepicker ui.datepicker-ms.js
2009.02.28 18:02 B G:\CCIT\GooglGadget\js\datepicker\ui.datepicker-nl.js --> amit.cccom.com /amit/Gadget2/js/datepicker ui.datepicker-nl.js
2009.02.28 18:02 B G:\CCIT\GooglGadget\js\datepicker\ui.datepicker-no.js --> amit.cccom.com /amit/Gadget2/js/datepicker ui.datepicker-no.js
2009.02.28 18:02 B G:\CCIT\GooglGadget\js\datepicker\ui.datepicker-pl.js --> amit.cccom.com /amit/Gadget2/js/datepicker ui.datepicker-pl.js
2009.02.28 18:02 B G:\CCIT\GooglGadget\js\datepicker\ui.datepicker-pt-BR.js --> amit.cccom.com /amit/Gadget2/js/datepicker ui.datepicker-pt-BR.js
2009.02.28 18:02 B G:\CCIT\GooglGadget\js\datepicker\ui.datepicker-ro.js --> amit.cccom.com /amit/Gadget2/js/datepicker ui.datepicker-ro.js
2009.02.28 18:02 B G:\CCIT\GooglGadget\js\datepicker\ui.datepicker-ru.js --> amit.cccom.com /amit/Gadget2/js/datepicker ui.datepicker-ru.js
2009.02.28 18:02 B G:\CCIT\GooglGadget\js\datepicker\ui.datepicker-sk.js --> amit.cccom.com /amit/Gadget2/js/datepicker ui.datepicker-sk.js
2009.02.28 18:02 B G:\CCIT\GooglGadget\js\datepicker\ui.datepicker-sl.js --> amit.cccom.com /amit/Gadget2/js/datepicker ui.datepicker-sl.js
2009.02.28 18:02 B G:\CCIT\GooglGadget\js\datepicker\ui.datepicker-sq.js --> amit.cccom.com /amit/Gadget2/js/datepicker ui.datepicker-sq.js
2009.02.28 18:02 B G:\CCIT\GooglGadget\js\datepicker\ui.datepicker-sv.js --> amit.cccom.com /amit/Gadget2/js/datepicker ui.datepicker-sv.js
2009.02.28 18:02 B G:\CCIT\GooglGadget\js\datepicker\ui.datepicker-th.js --> amit.cccom.com /amit/Gadget2/js/datepicker ui.datepicker-th.js
2009.02.28 18:02 B G:\CCIT\GooglGadget\js\datepicker\ui.datepicker-tr.js --> amit.cccom.com /amit/Gadget2/js/datepicker ui.datepicker-tr.js
2009.02.28 18:02 B G:\CCIT\GooglGadget\js\datepicker\ui.datepicker-uk.js --> amit.cccom.com /amit/Gadget2/js/datepicker ui.datepicker-uk.js
2009.02.28 18:02 B G:\CCIT\GooglGadget\js\datepicker\ui.datepicker-zh-CN.js --> amit.cccom.com /amit/Gadget2/js/datepicker ui.datepicker-zh-CN.js
2009.02.28 18:02 B G:\CCIT\GooglGadget\js\datepicker\ui.datepicker-zh-TW.js --> amit.cccom.com /amit/Gadget2/js/datepicker ui.datepicker-zh-TW.js
2009.04.25 02:33 B D:\Google\Gadget2\js\datepicker\WS_FTP.LOG <-- CCIT /amit/Gadget2/js/datepicker WS_FTP.LOG
