2009.04.25 02:28 B D:\Google\Gadget2\Gadget2\Events.aspx <-- CCIT /amit/Gadget2/Gadget2 Events.aspx
2009.04.25 02:28 B D:\Google\Gadget2\Gadget2\Events.aspx.vb <-- CCIT /amit/Gadget2/Gadget2 Events.aspx.vb
2009.04.25 02:29 B D:\Google\Gadget2\Gadget2\EventSearch.aspx <-- CCIT /amit/Gadget2/Gadget2 EventSearch.aspx
2009.04.25 02:29 B D:\Google\Gadget2\Gadget2\EventSearch.aspx.vb <-- CCIT /amit/Gadget2/Gadget2 EventSearch.aspx.vb
2009.04.25 02:29 B D:\Google\Gadget2\Gadget2\ExploreBooneAreaCalendar100.xml <-- CCIT /amit/Gadget2/Gadget2 ExploreBooneAreaCalendar100.xml
2009.04.25 02:29 B D:\Google\Gadget2\Gadget2\ExploreBooneAreaCalendar43.xml <-- CCIT /amit/Gadget2/Gadget2 ExploreBooneAreaCalendar43.xml
2009.04.25 02:29 B D:\Google\Gadget2\Gadget2\ExploreBooneAreaCalendar50.xml <-- CCIT /amit/Gadget2/Gadget2 ExploreBooneAreaCalendar50.xml
2009.04.25 02:29 B D:\Google\Gadget2\Gadget2\ExploreBooneAreaCalendar51.xml <-- CCIT /amit/Gadget2/Gadget2 ExploreBooneAreaCalendar51.xml
2009.04.25 02:29 B D:\Google\Gadget2\Gadget2\ExploreBooneAreaCalendar52.xml <-- CCIT /amit/Gadget2/Gadget2 ExploreBooneAreaCalendar52.xml
2009.04.25 02:29 B D:\Google\Gadget2\Gadget2\ExploreBooneAreaCalendar53.xml <-- CCIT /amit/Gadget2/Gadget2 ExploreBooneAreaCalendar53.xml
2009.04.25 02:29 B D:\Google\Gadget2\Gadget2\ExploreBooneAreaCalendar54.xml <-- CCIT /amit/Gadget2/Gadget2 ExploreBooneAreaCalendar54.xml
2009.04.25 02:29 B D:\Google\Gadget2\Gadget2\ExploreBooneAreaCalendar55.xml <-- CCIT /amit/Gadget2/Gadget2 ExploreBooneAreaCalendar55.xml
2009.04.25 02:29 B D:\Google\Gadget2\Gadget2\ExploreBooneAreaCalendar56.xml <-- CCIT /amit/Gadget2/Gadget2 ExploreBooneAreaCalendar56.xml
2009.04.25 02:29 B D:\Google\Gadget2\Gadget2\ExploreBooneAreaCalendar57.xml <-- CCIT /amit/Gadget2/Gadget2 ExploreBooneAreaCalendar57.xml
2009.04.25 02:29 B D:\Google\Gadget2\Gadget2\ExploreBooneAreaCalendar58.xml <-- CCIT /amit/Gadget2/Gadget2 ExploreBooneAreaCalendar58.xml
2009.04.25 02:29 B D:\Google\Gadget2\Gadget2\ExploreBooneAreaCalendar59.xml <-- CCIT /amit/Gadget2/Gadget2 ExploreBooneAreaCalendar59.xml
2009.04.25 02:29 B D:\Google\Gadget2\Gadget2\ExploreBooneAreaCalendar60.xml <-- CCIT /amit/Gadget2/Gadget2 ExploreBooneAreaCalendar60.xml
2009.04.25 02:29 B D:\Google\Gadget2\Gadget2\ExploreBooneAreaCalendar61.xml <-- CCIT /amit/Gadget2/Gadget2 ExploreBooneAreaCalendar61.xml
2009.04.25 02:29 B D:\Google\Gadget2\Gadget2\ExploreBooneAreaCalendar62.xml <-- CCIT /amit/Gadget2/Gadget2 ExploreBooneAreaCalendar62.xml
2009.04.25 02:29 B D:\Google\Gadget2\Gadget2\ExploreBooneAreaCalendar63.xml <-- CCIT /amit/Gadget2/Gadget2 ExploreBooneAreaCalendar63.xml
2009.04.25 02:29 B D:\Google\Gadget2\Gadget2\ExploreBooneAreaCalendar64.xml <-- CCIT /amit/Gadget2/Gadget2 ExploreBooneAreaCalendar64.xml
2009.04.25 02:29 B D:\Google\Gadget2\Gadget2\ExploreBooneAreaCalendar65.xml <-- CCIT /amit/Gadget2/Gadget2 ExploreBooneAreaCalendar65.xml
2009.04.25 02:29 B D:\Google\Gadget2\Gadget2\ExploreBooneAreaCalendar66.xml <-- CCIT /amit/Gadget2/Gadget2 ExploreBooneAreaCalendar66.xml
2009.04.25 02:29 B D:\Google\Gadget2\Gadget2\ExploreBooneAreaCalendar67.xml <-- CCIT /amit/Gadget2/Gadget2 ExploreBooneAreaCalendar67.xml
2009.04.25 02:29 B D:\Google\Gadget2\Gadget2\ExploreBooneAreaCalendar68.xml <-- CCIT /amit/Gadget2/Gadget2 ExploreBooneAreaCalendar68.xml
2009.04.25 02:29 B D:\Google\Gadget2\Gadget2\ExploreBooneAreaCalendar69.xml <-- CCIT /amit/Gadget2/Gadget2 ExploreBooneAreaCalendar69.xml
2009.04.25 02:29 B D:\Google\Gadget2\Gadget2\ExploreBooneAreaCalendar70.xml <-- CCIT /amit/Gadget2/Gadget2 ExploreBooneAreaCalendar70.xml
2009.04.25 02:29 B D:\Google\Gadget2\Gadget2\ExploreBooneAreaCalendar71.xml <-- CCIT /amit/Gadget2/Gadget2 ExploreBooneAreaCalendar71.xml
2009.04.25 02:29 B D:\Google\Gadget2\Gadget2\ExploreBooneAreaCalendar72.xml <-- CCIT /amit/Gadget2/Gadget2 ExploreBooneAreaCalendar72.xml
2009.04.25 02:29 B D:\Google\Gadget2\Gadget2\ExploreBooneAreaCalendar73.xml <-- CCIT /amit/Gadget2/Gadget2 ExploreBooneAreaCalendar73.xml
2009.04.25 02:29 B D:\Google\Gadget2\Gadget2\ExploreBooneAreaCalendar74.xml <-- CCIT /amit/Gadget2/Gadget2 ExploreBooneAreaCalendar74.xml
2009.04.25 02:29 B D:\Google\Gadget2\Gadget2\ExploreBooneAreaCalendar75.xml <-- CCIT /amit/Gadget2/Gadget2 ExploreBooneAreaCalendar75.xml
2009.04.25 02:29 B D:\Google\Gadget2\Gadget2\ExploreBooneAreaCalendar76.xml <-- CCIT /amit/Gadget2/Gadget2 ExploreBooneAreaCalendar76.xml
2009.04.25 02:29 B D:\Google\Gadget2\Gadget2\ExploreBooneAreaCalendar77.xml <-- CCIT /amit/Gadget2/Gadget2 ExploreBooneAreaCalendar77.xml
2009.04.25 02:29 B D:\Google\Gadget2\Gadget2\ExploreBooneAreaCalendar78.xml <-- CCIT /amit/Gadget2/Gadget2 ExploreBooneAreaCalendar78.xml
2009.04.25 02:29 B D:\Google\Gadget2\Gadget2\ExploreBooneAreaCalendar79.xml <-- CCIT /amit/Gadget2/Gadget2 ExploreBooneAreaCalendar79.xml
2009.04.25 02:29 B D:\Google\Gadget2\Gadget2\ExploreBooneAreaCalendar80.xml <-- CCIT /amit/Gadget2/Gadget2 ExploreBooneAreaCalendar80.xml
2009.04.25 02:29 B D:\Google\Gadget2\Gadget2\ExploreBooneAreaCalendar81.xml <-- CCIT /amit/Gadget2/Gadget2 ExploreBooneAreaCalendar81.xml
2009.04.25 02:29 B D:\Google\Gadget2\Gadget2\ExploreBooneAreaCalendar82.xml <-- CCIT /amit/Gadget2/Gadget2 ExploreBooneAreaCalendar82.xml
2009.04.25 02:29 B D:\Google\Gadget2\Gadget2\ExploreBooneAreaCalendar83.xml <-- CCIT /amit/Gadget2/Gadget2 ExploreBooneAreaCalendar83.xml
2009.04.25 02:29 B D:\Google\Gadget2\Gadget2\ExploreBooneAreaCalendar84.xml <-- CCIT /amit/Gadget2/Gadget2 ExploreBooneAreaCalendar84.xml
2009.04.25 02:30 B D:\Google\Gadget2\Gadget2\ExploreBooneAreaCalendar85.xml <-- CCIT /amit/Gadget2/Gadget2 ExploreBooneAreaCalendar85.xml
2009.04.25 02:30 B D:\Google\Gadget2\Gadget2\ExploreBooneAreaCalendar86.xml <-- CCIT /amit/Gadget2/Gadget2 ExploreBooneAreaCalendar86.xml
2009.04.25 02:30 B D:\Google\Gadget2\Gadget2\ExploreBooneAreaCalendar87.xml <-- CCIT /amit/Gadget2/Gadget2 ExploreBooneAreaCalendar87.xml
2009.04.25 02:30 B D:\Google\Gadget2\Gadget2\ExploreBooneAreaCalendar88.xml <-- CCIT /amit/Gadget2/Gadget2 ExploreBooneAreaCalendar88.xml
2009.04.25 02:30 B D:\Google\Gadget2\Gadget2\ExploreBooneAreaCalendar89.xml <-- CCIT /amit/Gadget2/Gadget2 ExploreBooneAreaCalendar89.xml
2009.04.25 02:30 B D:\Google\Gadget2\Gadget2\ExploreBooneAreaCalendar90.xml <-- CCIT /amit/Gadget2/Gadget2 ExploreBooneAreaCalendar90.xml
2009.04.25 02:30 B D:\Google\Gadget2\Gadget2\ExploreBooneAreaCalendar91.xml <-- CCIT /amit/Gadget2/Gadget2 ExploreBooneAreaCalendar91.xml
2009.04.25 02:30 B D:\Google\Gadget2\Gadget2\ExploreBooneAreaCalendar92.xml <-- CCIT /amit/Gadget2/Gadget2 ExploreBooneAreaCalendar92.xml
2009.04.25 02:30 B D:\Google\Gadget2\Gadget2\ExploreBooneAreaCalendar93.xml <-- CCIT /amit/Gadget2/Gadget2 ExploreBooneAreaCalendar93.xml
2009.04.25 02:30 B D:\Google\Gadget2\Gadget2\ExploreBooneAreaCalendar94.xml <-- CCIT /amit/Gadget2/Gadget2 ExploreBooneAreaCalendar94.xml
2009.04.25 02:30 B D:\Google\Gadget2\Gadget2\ExploreBooneAreaCalendar95.xml <-- CCIT /amit/Gadget2/Gadget2 ExploreBooneAreaCalendar95.xml
2009.04.25 02:30 B D:\Google\Gadget2\Gadget2\ExploreBooneAreaCalendar96.xml <-- CCIT /amit/Gadget2/Gadget2 ExploreBooneAreaCalendar96.xml
2009.04.25 02:30 B D:\Google\Gadget2\Gadget2\ExploreBooneAreaCalendar97.xml <-- CCIT /amit/Gadget2/Gadget2 ExploreBooneAreaCalendar97.xml
2009.04.25 02:30 B D:\Google\Gadget2\Gadget2\ExploreBooneAreaCalendar98.xml <-- CCIT /amit/Gadget2/Gadget2 ExploreBooneAreaCalendar98.xml
2009.04.25 02:30 B D:\Google\Gadget2\Gadget2\ExploreBooneAreaCalendar99.xml <-- CCIT /amit/Gadget2/Gadget2 ExploreBooneAreaCalendar99.xml
2009.04.25 02:30 B D:\Google\Gadget2\Gadget2\Home.aspx <-- CCIT /amit/Gadget2/Gadget2 Home.aspx
2009.04.25 02:30 B D:\Google\Gadget2\Gadget2\Home.aspx.vb <-- CCIT /amit/Gadget2/Gadget2 Home.aspx.vb
2009.04.25 02:30 B D:\Google\Gadget2\Gadget2\HTMLPage.htm <-- CCIT /amit/Gadget2/Gadget2 HTMLPage.htm
2009.04.25 02:30 B D:\Google\Gadget2\Gadget2\testpage.htm <-- CCIT /amit/Gadget2/Gadget2 testpage.htm
